# JRE version: Java(TM) SE Runtime Environment (8.0_111-b14) (build 1.8.0_111-b14)
# Java VM: Java HotSpot(TM) 64-Bit Server VM (25.111-b14 mixed mode linux-amd64 compressed oops)
Heap:
 PSYoungGen      total 138240K, used 88318K [0x00000000eab00000, 0x00000000f3900000, 0x0000000100000000)
  eden space 132608K, 66% used [0x00000000eab00000,0x00000000f013f960,0x00000000f2c80000)
  from space 5632K, 0% used [0x00000000f3280000,0x00000000f3280000,0x00000000f3800000)
  to   space 6144K, 0% used [0x00000000f2c80000,0x00000000f2c80000,0x00000000f3280000)
 ParOldGen       total 79872K, used 59962K [0x00000000c0000000, 0x00000000c4e00000, 0x00000000eab00000)
  object space 79872K, 75% used [0x00000000c0000000,0x00000000c3a8e8d8,0x00000000c4e00000)
 Metaspace       used 102797K, capacity 110712K, committed 110936K, reserved 1146880K
  class space    used 11776K, capacity 14340K, committed 14464K, reserved 1048576K
GC Heap History (10 events):
Event: 6657.880 GC heap before
{Heap before GC invocations=175 (full 81):
 PSYoungGen      total 128512K, used 79584K [0x00000000eab00000, 0x00000000f2e00000, 0x0000000100000000)
  eden space 122880K, 64% used [0x00000000eab00000,0x00000000ef8b80e8,0x00000000f2300000)
  from space 5632K, 0% used [0x00000000f2300000,0x00000000f2300000,0x00000000f2880000)
  to   space 5632K, 0% used [0x00000000f2880000,0x00000000f2880000,0x00000000f2e00000)
 ParOldGen       total 79872K, used 60376K [0x00000000c0000000, 0x00000000c4e00000, 0x00000000eab00000)
  object space 79872K, 75% used [0x00000000c0000000,0x00000000c3af6180,0x00000000c4e00000)
 Metaspace       used 102516K, capacity 110432K, committed 110552K, reserved 1144832K
  class space    used 11771K, capacity 14336K, committed 14336K, reserved 1048576K
Event: 6657.896 GC heap after
Heap after GC invocations=175 (full 81):
 PSYoungGen      total 128512K, used 2824K [0x00000000eab00000, 0x00000000f2e00000, 0x0000000100000000)
  eden space 122880K, 0% used [0x00000000eab00000,0x00000000eab00000,0x00000000f2300000)
  from space 5632K, 50% used [0x00000000f2880000,0x00000000f2b42310,0x00000000f2e00000)
  to   space 5632K, 0% used [0x00000000f2300000,0x00000000f2300000,0x00000000f2880000)
 ParOldGen       total 79872K, used 60376K [0x00000000c0000000, 0x00000000c4e00000, 0x00000000eab00000)
  object space 79872K, 75% used [0x00000000c0000000,0x00000000c3af6180,0x00000000c4e00000)
 Metaspace       used 102516K, capacity 110432K, committed 110552K, reserved 1144832K
  class space    used 11771K, capacity 14336K, committed 14336K, reserved 1048576K
}
Event: 6657.896 GC heap before
{Heap before GC invocations=176 (full 82):
 PSYoungGen      total 128512K, used 2824K [0x00000000eab00000, 0x00000000f2e00000, 0x0000000100000000)
  eden space 122880K, 0% used [0x00000000eab00000,0x00000000eab00000,0x00000000f2300000)
  from space 5632K, 50% used [0x00000000f2880000,0x00000000f2b42310,0x00000000f2e00000)
  to   space 5632K, 0% used [0x00000000f2300000,0x00000000f2300000,0x00000000f2880000)
 ParOldGen       total 79872K, used 60376K [0x00000000c0000000, 0x00000000c4e00000, 0x00000000eab00000)
  object space 79872K, 75% used [0x00000000c0000000,0x00000000c3af6180,0x00000000c4e00000)
 Metaspace       used 102516K, capacity 110432K, committed 110552K, reserved 1144832K
  class space    used 11771K, capacity 14336K, committed 14336K, reserved 1048576K
Event: 6658.522 GC heap after
Heap after GC invocations=176 (full 82):
 PSYoungGen      total 128512K, used 0K [0x00000000eab00000, 0x00000000f2e00000, 0x0000000100000000)
  eden space 122880K, 0% used [0x00000000eab00000,0x00000000eab00000,0x00000000f2300000)
  from space 5632K, 0% used [0x00000000f2880000,0x00000000f2880000,0x00000000f2e00000)
  to   space 5632K, 0% used [0x00000000f2300000,0x00000000f2300000,0x00000000f2880000)
 ParOldGen       total 79872K, used 59964K [0x00000000c0000000, 0x00000000c4e00000, 0x00000000eab00000)
  object space 79872K, 75% used [0x00000000c0000000,0x00000000c3a8f288,0x00000000c4e00000)
 Metaspace       used 102516K, capacity 110432K, committed 110552K, reserved 1144832K
  class space    used 11771K, capacity 14336K, committed 14336K, reserved 1048576K
}
Event: 6943.402 GC heap before
{Heap before GC invocations=177 (full 82):
 PSYoungGen      total 128512K, used 122880K [0x00000000eab00000, 0x00000000f2e00000, 0x0000000100000000)
  eden space 122880K, 100% used [0x00000000eab00000,0x00000000f2300000,0x00000000f2300000)
  from space 5632K, 0% used [0x00000000f2880000,0x00000000f2880000,0x00000000f2e00000)
  to   space 5632K, 0% used [0x00000000f2300000,0x00000000f2300000,0x00000000f2880000)
 ParOldGen       total 79872K, used 59964K [0x00000000c0000000, 0x00000000c4e00000, 0x00000000eab00000)
  object space 79872K, 75% used [0x00000000c0000000,0x00000000c3a8f288,0x00000000c4e00000)
 Metaspace       used 102640K, capacity 110584K, committed 110936K, reserved 1146880K
  class space    used 11776K, capacity 14340K, committed 14464K, reserved 1048576K
Event: 6943.424 GC heap after
Heap after GC invocations=177 (full 82):
 PSYoungGen      total 128512K, used 3300K [0x00000000eab00000, 0x00000000f3800000, 0x0000000100000000)
  eden space 122880K, 0% used [0x00000000eab00000,0x00000000eab00000,0x00000000f2300000)
  from space 5632K, 58% used [0x00000000f2300000,0x00000000f2639150,0x00000000f2880000)
  to   space 5632K, 0% used [0x00000000f3280000,0x00000000f3280000,0x00000000f3800000)
 ParOldGen       total 79872K, used 59964K [0x00000000c0000000, 0x00000000c4e00000, 0x00000000eab00000)
  object space 79872K, 75% used [0x00000000c0000000,0x00000000c3a8f288,0x00000000c4e00000)
 Metaspace       used 102640K, capacity 110584K, committed 110936K, reserved 1146880K
  class space    used 11776K, capacity 14340K, committed 14464K, reserved 1048576K
}
Event: 6979.440 GC heap before
{Heap before GC invocations=178 (full 82):
 PSYoungGen      total 128512K, used 62142K [0x00000000eab00000, 0x00000000f3800000, 0x0000000100000000)
  eden space 122880K, 47% used [0x00000000eab00000,0x00000000ee476a88,0x00000000f2300000)
  from space 5632K, 58% used [0x00000000f2300000,0x00000000f2639150,0x00000000f2880000)
  to   space 5632K, 0% used [0x00000000f3280000,0x00000000f3280000,0x00000000f3800000)
 ParOldGen       total 79872K, used 59964K [0x00000000c0000000, 0x00000000c4e00000, 0x00000000eab00000)
  object space 79872K, 75% used [0x00000000c0000000,0x00000000c3a8f288,0x00000000c4e00000)
 Metaspace       used 102683K, capacity 110584K, committed 110936K, reserved 1146880K
  class space    used 11776K, capacity 14340K, committed 14464K, reserved 1048576K
Event: 6979.463 GC heap after
Heap after GC invocations=178 (full 82):
 PSYoungGen      total 138240K, used 3315K [0x00000000eab00000, 0x00000000f3900000, 0x0000000100000000)
  eden space 132608K, 0% used [0x00000000eab00000,0x00000000eab00000,0x00000000f2c80000)
  from space 5632K, 58% used [0x00000000f3280000,0x00000000f35bcc60,0x00000000f3800000)
  to   space 6144K, 0% used [0x00000000f2c80000,0x00000000f2c80000,0x00000000f3280000)
 ParOldGen       total 79872K, used 59964K [0x00000000c0000000, 0x00000000c4e00000, 0x00000000eab00000)
  object space 79872K, 75% used [0x00000000c0000000,0x00000000c3a8f288,0x00000000c4e00000)
 Metaspace       used 102683K, capacity 110584K, committed 110936K, reserved 1146880K
  class space    used 11776K, capacity 14340K, committed 14464K, reserved 1048576K
}
Event: 6979.463 GC heap before
{Heap before GC invocations=179 (full 83):
 PSYoungGen      total 138240K, used 3315K [0x00000000eab00000, 0x00000000f3900000, 0x0000000100000000)
  eden space 132608K, 0% used [0x00000000eab00000,0x00000000eab00000,0x00000000f2c80000)
  from space 5632K, 58% used [0x00000000f3280000,0x00000000f35bcc60,0x00000000f3800000)
  to   space 6144K, 0% used [0x00000000f2c80000,0x00000000f2c80000,0x00000000f3280000)
 ParOldGen       total 79872K, used 59964K [0x00000000c0000000, 0x00000000c4e00000, 0x00000000eab00000)
  object space 79872K, 75% used [0x00000000c0000000,0x00000000c3a8f288,0x00000000c4e00000)
 Metaspace       used 102683K, capacity 110584K, committed 110936K, reserved 1146880K
  class space    used 11776K, capacity 14340K, committed 14464K, reserved 1048576K
Event: 6980.005 GC heap after
Heap after GC invocations=179 (full 83):
 PSYoungGen      total 138240K, used 0K [0x00000000eab00000, 0x00000000f3900000, 0x0000000100000000)
  eden space 132608K, 0% used [0x00000000eab00000,0x00000000eab00000,0x00000000f2c80000)
  from space 5632K, 0% used [0x00000000f3280000,0x00000000f3280000,0x00000000f3800000)
  to   space 6144K, 0% used [0x00000000f2c80000,0x00000000f2c80000,0x00000000f3280000)
 ParOldGen       total 79872K, used 59962K [0x00000000c0000000, 0x00000000c4e00000, 0x00000000eab00000)
  object space 79872K, 75% used [0x00000000c0000000,0x00000000c3a8e8d8,0x00000000c4e00000)
 Metaspace       used 102683K, capacity 110584K, committed 110936K, reserved 1146880K
  class space    used 11776K, capacity 14340K, committed 14464K, reserved 1048576K
}

